app/build/outputs/logs/manifest-merger-debug-report.txt
-- Merging decision tree log ---
manifest
ADDED from src\main\AndroidManifest.xml:2:1-125:12
	xmlns:android
		ADDED from src\main\AndroidManifest.xml:2:11-69
	package
		ADDED from src\main\AndroidManifest.xml:3:5-42
		INJECTED from src\main\AndroidManifest.xml
		INJECTED from src\main\AndroidManifest.xml
	android:versionName
		ADDED from src\main\AndroidManifest.xml:5:5-30
	android:versionCode
		ADDED from src\main\AndroidManifest.xml:4:5-28
		INJECTED from src\main\AndroidManifest.xml
		INJECTED from src\main\AndroidManifest.xml
uses-sdk
ADDED from src\main\AndroidManifest.xml:7:5-9:41
MERGED from [com.android.support:appcompat-v7:22.2.1] AndroidManifest.xml:20:5-43
MERGED from [com.android.support:support-v4:22.2.1] AndroidManifest.xml:20:5-43
MERGED from [com.android.support:support-v4:22.2.1] AndroidManifest.xml:20:5-43
	android:targetSdkVersion
		ADDED from src\main\AndroidManifest.xml:9:9-38
		INJECTED from src\main\AndroidManifest.xml
		INJECTED from src\main\AndroidManifest.xml
	android:minSdkVersion
		ADDED from src\main\AndroidManifest.xml:8:9-34
		INJECTED from src\main\AndroidManifest.xml
		INJECTED from src\main\AndroidManifest.xml
uses-permission#android.permission.WRITE_EXTERNAL_STORAGE
ADDED from src\main\AndroidManifest.xml:11:5-81
	android:name
		ADDED from src\main\AndroidManifest.xml:11:22-78
application
ADDED from src\main\AndroidManifest.xml:13:5-99:19
MERGED from [com.android.support:appcompat-v7:22.2.1] AndroidManifest.xml:22:5-20
MERGED from [com.android.support:support-v4:22.2.1] AndroidManifest.xml:22:5-20
MERGED from [com.android.support:support-v4:22.2.1] AndroidManifest.xml:22:5-20
	android:label
		ADDED from src\main\AndroidManifest.xml:17:9-41
	android:allowBackup
		ADDED from src\main\AndroidManifest.xml:15:9-35
	android:icon
		ADDED from src\main\AndroidManifest.xml:16:9-45
	android:name
		ADDED from src\main\AndroidManifest.xml:14:9-35
activity#com.example.knowledgecenter.LoginActivity
ADDED from src\main\AndroidManifest.xml:18:9-27:20
	android:label
		ADDED from src\main\AndroidManifest.xml:20:13-45
	android:theme
		ADDED from src\main\AndroidManifest.xml:21:45-83
	android:windowActionBar
		ADDED from src\main\AndroidManifest.xml:21:13-44
	android:name
		ADDED from src\main\AndroidManifest.xml:19:13-42
intent-filter#android.intent.action.MAIN+android.intent.category.LAUNCHER
ADDED from src\main\AndroidManifest.xml:22:13-26:29
action#android.intent.action.MAIN
ADDED from src\main\AndroidManifest.xml:23:17-69
	android:name
		ADDED from src\main\AndroidManifest.xml:23:25-66
category#android.intent.category.LAUNCHER
ADDED from src\main\AndroidManifest.xml:25:17-77
	android:name
		ADDED from src\main\AndroidManifest.xml:25:27-74
activity#com.example.knowledgecenter.HomeActivity
ADDED from src\main\AndroidManifest.xml:28:9-33:20
	android:label
		ADDED from src\main\AndroidManifest.xml:30:13-56
	android:theme
		ADDED from src\main\AndroidManifest.xml:32:13-48
	android:name
		ADDED from src\main\AndroidManifest.xml:29:13-41
	android:logo
		ADDED from src\main\AndroidManifest.xml:31:13-50
activity#com.example.knowledgecenter.RegisterActivity
ADDED from src\main\AndroidManifest.xml:34:9-46:20
	android:label
		ADDED from src\main\AndroidManifest.xml:36:13-60
	android:theme
		ADDED from src\main\AndroidManifest.xml:37:13-57
	android:name
		ADDED from src\main\AndroidManifest.xml:35:13-45
intent-filter#android.intent.action.DELETE+android.intent.action.VIEW+android.intent.category.DEFAULT
ADDED from src\main\AndroidManifest.xml:38:13-45:29
action#android.intent.action.VIEW
ADDED from src\main\AndroidManifest.xml:39:17-69
	android:name
		ADDED from src\main\AndroidManifest.xml:39:25-66
action#android.intent.action.DELETE
ADDED from src\main\AndroidManifest.xml:40:17-71
	android:name
		ADDED from src\main\AndroidManifest.xml:40:25-68
category#android.intent.category.DEFAULT
ADDED from src\main\AndroidManifest.xml:42:17-76
	android:name
		ADDED from src\main\AndroidManifest.xml:42:27-73
data
ADDED from src\main\AndroidManifest.xml:44:17-67
	android:scheme
		ADDED from src\main\AndroidManifest.xml:44:23-64
activity#com.example.knowledgecenter.PreferencesActivity
ADDED from src\main\AndroidManifest.xml:47:9-51:20
	android:label
		ADDED from src\main\AndroidManifest.xml:49:13-63
	android:theme
		ADDED from src\main\AndroidManifest.xml:50:13-57
	android:name
		ADDED from src\main\AndroidManifest.xml:48:13-48
activity#com.example.knowledgecenter.Register2Activity
ADDED from src\main\AndroidManifest.xml:52:9-57:20
	android:label
		ADDED from src\main\AndroidManifest.xml:54:13-61
	android:theme
		ADDED from src\main\AndroidManifest.xml:56:13-48
	android:name
		ADDED from src\main\AndroidManifest.xml:53:13-46
	android:logo
		ADDED from src\main\AndroidManifest.xml:55:13-50
activity#com.example.knowledgecenter.Preferences2Activity
ADDED from src\main\AndroidManifest.xml:58:9-62:20
	android:label
		ADDED from src\main\AndroidManifest.xml:60:13-64
	android:theme
		ADDED from src\main\AndroidManifest.xml:61:13-48
	android:name
		ADDED from src\main\AndroidManifest.xml:59:13-49
receiver#com.google.android.gcm.GCMBroadcastReceiver
ADDED from src\main\AndroidManifest.xml:64:9-77:20
	android:permission
		ADDED from src\main\AndroidManifest.xml:66:13-73
	android:name
		ADDED from src\main\AndroidManifest.xml:65:13-71
intent-filter#com.example.knowledgecentre+com.google.android.c2dm.intent.RECEIVE+com.google.android.c2dm.intent.REGISTRATION+com.google.android.c2dm.intent.UNREGISTER
ADDED from src\main\AndroidManifest.xml:67:13-76:29
action#com.google.android.c2dm.intent.RECEIVE
ADDED from src\main\AndroidManifest.xml:70:17-81
	android:name
		ADDED from src\main\AndroidManifest.xml:70:25-78
action#com.google.android.c2dm.intent.REGISTRATION
ADDED from src\main\AndroidManifest.xml:72:17-86
	android:name
		ADDED from src\main\AndroidManifest.xml:72:25-83
action#com.google.android.c2dm.intent.UNREGISTER
ADDED from src\main\AndroidManifest.xml:73:17-84
	android:name
		ADDED from src\main\AndroidManifest.xml:73:25-81
category#com.example.knowledgecentre
ADDED from src\main\AndroidManifest.xml:75:17-72
	android:name
		ADDED from src\main\AndroidManifest.xml:75:27-69
service#com.example.knowledgecenter.GCMIntentService
ADDED from src\main\AndroidManifest.xml:79:9-53
	android:name
		ADDED from src\main\AndroidManifest.xml:79:18-50
activity#com.example.knowledgecenter.ArticleActivity
ADDED from src\main\AndroidManifest.xml:81:9-90:20
	android:label
		ADDED from src\main\AndroidManifest.xml:83:13-59
	android:theme
		ADDED from src\main\AndroidManifest.xml:86:13-48
	android:parentActivityName
		ADDED from src\main\AndroidManifest.xml:85:13-55
	android:name
		ADDED from src\main\AndroidManifest.xml:82:13-44
	android:logo
		ADDED from src\main\AndroidManifest.xml:84:13-50
meta-data#android.support.PARENT_ACTIVITY
ADDED from src\main\AndroidManifest.xml:87:13-89:76
	android:name
		ADDED from src\main\AndroidManifest.xml:88:17-63
	android:value
		ADDED from src\main\AndroidManifest.xml:89:17-73
activity#com.example.knowledgecenter.AskKCActivity
ADDED from src\main\AndroidManifest.xml:91:9-94:20
	android:label
		ADDED from src\main\AndroidManifest.xml:93:13-58
	android:name
		ADDED from src\main\AndroidManifest.xml:92:13-42
activity#com.example.knowledgecenter.RequestContentActivity
ADDED from src\main\AndroidManifest.xml:95:9-98:20
	android:label
		ADDED from src\main\AndroidManifest.xml:97:13-67
	android:name
		ADDED from src\main\AndroidManifest.xml:96:13-51
uses-permission#android.permission.INTERNET
ADDED from src\main\AndroidManifest.xml:101:5-67
	android:name
		ADDED from src\main\AndroidManifest.xml:101:22-64
uses-permission#android.permission.GET_ACCOUNTS
ADDED from src\main\AndroidManifest.xml:104:5-71
	android:name
		ADDED from src\main\AndroidManifest.xml:104:22-68
uses-permission#android.permission.WAKE_LOCK
ADDED from src\main\AndroidManifest.xml:107:5-68
	android:name
		ADDED from src\main\AndroidManifest.xml:107:22-65
permission#com.example.knowledgecenter.permission.C2D_MESSAGE
ADDED from src\main\AndroidManifest.xml:110:5-112:47
	android:protectionLevel
		ADDED from src\main\AndroidManifest.xml:112:9-44
	android:name
		ADDED from src\main\AndroidManifest.xml:111:9-74
uses-permission#com.example.knowledgecenter.permission.C2D_MESSAGE
ADDED from src\main\AndroidManifest.xml:114:5-90
	android:name
		ADDED from src\main\AndroidManifest.xml:114:22-87
uses-permission#com.google.android.c2dm.permission.RECEIVE
ADDED from src\main\AndroidManifest.xml:117:5-82
	android:name
		ADDED from src\main\AndroidManifest.xml:117:22-79
uses-permission#android.permission.ACCESS_NETWORK_STATE
ADDED from src\main\AndroidManifest.xml:120:5-79
	android:name
		ADDED from src\main\AndroidManifest.xml:120:22-76
uses-permission#android.permission.VIBRATE
ADDED from src\main\AndroidManifest.xml:123:5-66
	android:name
		ADDED from src\main\AndroidManifest.xml:123:22-63